info it worked if it ends with ok
verbose cli [ '/usr/bin/nodejs', '/usr/bin/npm', 'install' ]
info using npm@1.1.4
info using node@v0.6.19
verbose config file /root/.npmrc
verbose config file /usr/etc/npmrc
verbose config file /usr/share/npm/npmrc
verbose caching /home/pi/webserver/package.json
verbose loadDefaults angular-seed@0.0.0
verbose readDependencies: using package.json deps
verbose where, deps [ '/home/pi/webserver',
verbose where, deps   [ 'karma',
verbose where, deps     'protractor',
verbose where, deps     'http-server',
verbose where, deps     'bower',
verbose where, deps     'shelljs',
verbose where, deps     'karma-junit-reporter' ] ]
verbose from cache /home/pi/webserver/package.json
info preinstall angular-seed@0.0.0
verbose from cache /home/pi/webserver/package.json
verbose readDependencies: using package.json deps
verbose cache add [ 'karma@~0.10', null ]
silly cache add: name, spec, args [ undefined, 'karma@~0.10', [ 'karma@~0.10', null ] ]
verbose parsed url { pathname: 'karma@~0.10',
verbose parsed url   path: 'karma@~0.10',
verbose parsed url   href: 'karma@~0.10' }
silly cache add: name, spec, args [ 'karma', '~0.10', [ 'karma', '~0.10' ] ]
verbose parsed url { pathname: '~0.10', path: '~0.10', href: '~0.10' }
verbose addNamed [ 'karma', '~0.10' ]
verbose addNamed [ null, '>=0.10.0- <0.11.0-' ]
silly name, range, hasData [ 'karma', '>=0.10.0- <0.11.0-', false ]
verbose cache add [ 'protractor@~0.20.1', null ]
silly cache add: name, spec, args [ undefined,
silly cache add: name, spec, args   'protractor@~0.20.1',
silly cache add: name, spec, args   [ 'protractor@~0.20.1', null ] ]
verbose parsed url { pathname: 'protractor@~0.20.1',
verbose parsed url   path: 'protractor@~0.20.1',
verbose parsed url   href: 'protractor@~0.20.1' }
silly cache add: name, spec, args [ 'protractor', '~0.20.1', [ 'protractor', '~0.20.1' ] ]
verbose parsed url { pathname: '~0.20.1', path: '~0.20.1', href: '~0.20.1' }
verbose addNamed [ 'protractor', '~0.20.1' ]
verbose addNamed [ null, '>=0.20.1- <0.21.0-' ]
silly name, range, hasData [ 'protractor', '>=0.20.1- <0.21.0-', false ]
verbose cache add [ 'http-server@^0.6.1', null ]
silly cache add: name, spec, args [ undefined,
silly cache add: name, spec, args   'http-server@^0.6.1',
silly cache add: name, spec, args   [ 'http-server@^0.6.1', null ] ]
verbose parsed url { pathname: 'http-server@^0.6.1',
verbose parsed url   path: 'http-server@^0.6.1',
verbose parsed url   href: 'http-server@^0.6.1' }
silly cache add: name, spec, args [ 'http-server', '^0.6.1', [ 'http-server', '^0.6.1' ] ]
verbose parsed url { pathname: '^0.6.1', path: '^0.6.1', href: '^0.6.1' }
verbose addNamed [ 'http-server', '^0.6.1' ]
verbose addNamed [ null, null ]
info addNameTag [ 'http-server', '^0.6.1' ]
verbose cache add [ 'bower@^1.3.1', null ]
silly cache add: name, spec, args [ undefined, 'bower@^1.3.1', [ 'bower@^1.3.1', null ] ]
verbose parsed url { pathname: 'bower@^1.3.1',
verbose parsed url   path: 'bower@^1.3.1',
verbose parsed url   href: 'bower@^1.3.1' }
silly cache add: name, spec, args [ 'bower', '^1.3.1', [ 'bower', '^1.3.1' ] ]
verbose parsed url { pathname: '^1.3.1', path: '^1.3.1', href: '^1.3.1' }
verbose addNamed [ 'bower', '^1.3.1' ]
verbose addNamed [ null, null ]
info addNameTag [ 'bower', '^1.3.1' ]
verbose cache add [ 'shelljs@^0.2.6', null ]
silly cache add: name, spec, args [ undefined, 'shelljs@^0.2.6', [ 'shelljs@^0.2.6', null ] ]
verbose parsed url { pathname: 'shelljs@^0.2.6',
verbose parsed url   path: 'shelljs@^0.2.6',
verbose parsed url   href: 'shelljs@^0.2.6' }
silly cache add: name, spec, args [ 'shelljs', '^0.2.6', [ 'shelljs', '^0.2.6' ] ]
verbose parsed url { pathname: '^0.2.6', path: '^0.2.6', href: '^0.2.6' }
verbose addNamed [ 'shelljs', '^0.2.6' ]
verbose addNamed [ null, null ]
info addNameTag [ 'shelljs', '^0.2.6' ]
verbose cache add [ 'karma-junit-reporter@^0.2.2', null ]
silly cache add: name, spec, args [ undefined,
silly cache add: name, spec, args   'karma-junit-reporter@^0.2.2',
silly cache add: name, spec, args   [ 'karma-junit-reporter@^0.2.2', null ] ]
verbose parsed url { pathname: 'karma-junit-reporter@^0.2.2',
verbose parsed url   path: 'karma-junit-reporter@^0.2.2',
verbose parsed url   href: 'karma-junit-reporter@^0.2.2' }
silly cache add: name, spec, args [ 'karma-junit-reporter',
silly cache add: name, spec, args   '^0.2.2',
silly cache add: name, spec, args   [ 'karma-junit-reporter', '^0.2.2' ] ]
verbose parsed url { pathname: '^0.2.2', path: '^0.2.2', href: '^0.2.2' }
verbose addNamed [ 'karma-junit-reporter', '^0.2.2' ]
verbose addNamed [ null, null ]
info addNameTag [ 'karma-junit-reporter', '^0.2.2' ]
verbose raw, before any munging http-server
verbose url resolving [ 'http://registry.npmjs.org/', './http-server' ]
verbose url resolved http://registry.npmjs.org/http-server
verbose etag "UYSXR4QO5OTW0800FELIWFCD"
http GET http://registry.npmjs.org/http-server
verbose raw, before any munging protractor
verbose url resolving [ 'http://registry.npmjs.org/', './protractor' ]
verbose url resolved http://registry.npmjs.org/protractor
verbose etag "662Z87H8M6WW6VXZDT8XTPG9Z"
http GET http://registry.npmjs.org/protractor
verbose raw, before any munging karma-junit-reporter
verbose url resolving [ 'http://registry.npmjs.org/', './karma-junit-reporter' ]
verbose url resolved http://registry.npmjs.org/karma-junit-reporter
verbose etag "9EY5VDYOJN6XP5GJQB9O86CB"
http GET http://registry.npmjs.org/karma-junit-reporter
verbose raw, before any munging shelljs
verbose url resolving [ 'http://registry.npmjs.org/', './shelljs' ]
verbose url resolved http://registry.npmjs.org/shelljs
verbose etag "7UDATTDWN0M1R354NMY5P88AF"
http GET http://registry.npmjs.org/shelljs
verbose raw, before any munging bower
verbose url resolving [ 'http://registry.npmjs.org/', './bower' ]
verbose url resolved http://registry.npmjs.org/bower
verbose etag "9PCHH0UPT9UDLLGUIDIF9EXWP"
http GET http://registry.npmjs.org/bower
verbose raw, before any munging karma
verbose url resolving [ 'http://registry.npmjs.org/', './karma' ]
verbose url resolved http://registry.npmjs.org/karma
verbose etag "6LGI61QLX0QBMEGWWAD7JUOI4"
http GET http://registry.npmjs.org/karma
http 304 http://registry.npmjs.org/http-server
silly get cb [ 304,
silly get cb   { date: 'Thu, 03 Jul 2014 20:31:28 GMT',
silly get cb     via: '1.1 varnish',
silly get cb     'last-modified': 'Thu, 03 Jul 2014 20:31:28 GMT',
silly get cb     'cache-control': 'max-age=30',
silly get cb     etag: '"UYSXR4QO5OTW0800FELIWFCD"',
silly get cb     connection: 'keep-alive',
silly get cb     'x-served-by': 'cache-ams4130-AMS',
silly get cb     'x-cache': 'HIT',
silly get cb     'x-cache-hits': '1',
silly get cb     'x-timer': 'S1404419488.803766,VS0,VE164',
silly get cb     vary: 'Accept' } ]
verbose etag http-server from cache
http 304 http://registry.npmjs.org/karma-junit-reporter
silly get cb [ 304,
silly get cb   { date: 'Thu, 03 Jul 2014 20:31:28 GMT',
silly get cb     via: '1.1 varnish',
silly get cb     'last-modified': 'Thu, 03 Jul 2014 20:31:28 GMT',
silly get cb     'cache-control': 'max-age=30',
silly get cb     etag: '"9EY5VDYOJN6XP5GJQB9O86CB"',
silly get cb     connection: 'keep-alive',
silly get cb     'x-served-by': 'cache-ams4122-AMS',
silly get cb     'x-cache': 'HIT',
silly get cb     'x-cache-hits': '1',
silly get cb     'x-timer': 'S1404419488.941803,VS0,VE0',
silly get cb     vary: 'Accept' } ]
verbose etag karma-junit-reporter from cache
http 304 http://registry.npmjs.org/karma
silly get cb [ 304,
silly get cb   { date: 'Thu, 03 Jul 2014 20:31:29 GMT',
silly get cb     via: '1.1 varnish',
silly get cb     'last-modified': 'Thu, 03 Jul 2014 20:31:29 GMT',
silly get cb     'cache-control': 'max-age=30',
silly get cb     etag: '"6LGI61QLX0QBMEGWWAD7JUOI4"',
silly get cb     connection: 'keep-alive',
silly get cb     'x-served-by': 'cache-ams4130-AMS',
silly get cb     'x-cache': 'HIT',
silly get cb     'x-cache-hits': '1',
silly get cb     'x-timer': 'S1404419489.099678,VS0,VE2',
silly get cb     vary: 'Accept' } ]
verbose etag karma from cache
http 200 http://registry.npmjs.org/protractor
silly get cb [ 200,
silly get cb   { server: 'CouchDB/1.5.0 (Erlang OTP/R16B03)',
silly get cb     etag: '"CVZ548GN8LJM4WJI052BFZXXS"',
silly get cb     'content-type': 'application/json',
silly get cb     'cache-control': 'max-age=30',
silly get cb     'content-length': '57791',
silly get cb     'accept-ranges': 'bytes',
silly get cb     date: 'Thu, 03 Jul 2014 20:31:28 GMT',
silly get cb     via: '1.1 varnish',
silly get cb     age: '13',
silly get cb     connection: 'keep-alive',
silly get cb     'x-served-by': 'cache-ams4126-AMS',
silly get cb     'x-cache': 'HIT',
silly get cb     'x-cache-hits': '1',
silly get cb     'x-timer': 'S1404419488.796639,VS0,VE0',
silly get cb     vary: 'Accept' } ]
http 200 http://registry.npmjs.org/shelljs
silly get cb [ 200,
silly get cb   { server: 'CouchDB/1.5.0 (Erlang OTP/R14B04)',
silly get cb     etag: '"1AD5FP9GGWXUTH112XD52FA8S"',
silly get cb     'content-type': 'application/json',
silly get cb     'cache-control': 'max-age=30',
silly get cb     'content-length': '48131',
silly get cb     'accept-ranges': 'bytes',
silly get cb     date: 'Thu, 03 Jul 2014 20:31:28 GMT',
silly get cb     via: '1.1 varnish',
silly get cb     age: '4',
silly get cb     connection: 'keep-alive',
silly get cb     'x-served-by': 'cache-fra1220-FRA',
silly get cb     'x-cache': 'HIT',
silly get cb     'x-cache-hits': '1',
silly get cb     'x-timer': 'S1404419488.946797,VS0,VE0',
silly get cb     vary: 'Accept' } ]
ERR! Error: No compatible version found: http-server@'^0.6.1'
ERR! Valid install targets:
ERR! ["0.1.0","0.1.1","0.1.3","0.2.1","0.2.2","0.2.3","0.2.4","0.2.5","0.2.6","0.2.9","0.3.0","0.4.0","0.4.1","0.5.0","0.5.1","0.5.2","0.5.3","0.5.5","0.6.0","0.6.1"]
ERR!     at installTargetsError (/usr/share/npm/lib/cache.js:488:10)
ERR!     at /usr/share/npm/lib/cache.js:375:15
ERR!     at saved (/usr/share/npm/lib/utils/npm-registry-client/get.js:147:7)
ERR!     at Object.oncomplete (/usr/lib/nodejs/graceful-fs.js:230:7)
ERR! You may report this log at:
ERR!     <http://bugs.debian.org/npm>
ERR! or use
ERR!     reportbug --attach /home/pi/webserver/npm-debug.log npm
ERR! 
ERR! System Linux 3.12.22+
ERR! command "/usr/bin/nodejs" "/usr/bin/npm" "install"
ERR! cwd /home/pi/webserver
ERR! node -v v0.6.19
ERR! npm -v 1.1.4
ERR! message No compatible version found: http-server@'^0.6.1'
ERR! message Valid install targets:
ERR! message ["0.1.0","0.1.1","0.1.3","0.2.1","0.2.2","0.2.3","0.2.4","0.2.5","0.2.6","0.2.9","0.3.0","0.4.0","0.4.1","0.5.0","0.5.1","0.5.2","0.5.3","0.5.5","0.6.0","0.6.1"]
verbose exit [ 1, true ]
